<?xml version="1.0" encoding="UTF-8"?>
<testng-results skipped="0" failed="0" total="0" passed="0">
  <reporter-output>
  </reporter-output>
  <suite name="com.ly.study.thinkjava.AppTest" duration-ms="4" started-at="2018-11-21T09:06:45Z" finished-at="2018-11-21T09:06:45Z">
    <groups>
    </groups>
    <test name="Command line test" duration-ms="4" started-at="2018-11-21T09:06:45Z" finished-at="2018-11-21T09:06:45Z">
    </test> <!-- Command line test -->
  </suite> <!-- com.ly.study.thinkjava.AppTest -->
</testng-results>
